<?xml version="1.0" encoding="UTF-8"?>
<!-- Generated by org.testng.reporters.JUnitXMLReporter -->
<testsuite hostname="Tetianas-MacBook-Pro.local" ignored="1" name="test" tests="3" failures="0" timestamp="06 Jun 2019 18:14:16 GMT" time="0.022" errors="0">
  <testcase name="One" time="0.006" classname="com.class03.MethodsExample"/>
  <testcase name="Three" time="0.001" classname="com.class03.MethodsExample"/>
  <testcase name="Two" time="0.0" classname="com.class03.MethodsExample"/>
  <testcase name="Four" time="0.0" classname="com.class03.MethodsExample">
    <ignored/>
  </testcase> <!-- Four -->
</testsuite> <!-- test -->
