<?xml version="1.0" encoding="UTF-8"?>
<testng-results skipped="0" failed="0" ignored="0" total="2" passed="2">
  <reporter-output>
  </reporter-output>
  <suite name="Suite" duration-ms="10162" started-at="2019-06-07T01:38:25Z" finished-at="2019-06-07T01:38:36Z">
    <groups>
    </groups>
    <test name="Test" duration-ms="10162" started-at="2019-06-07T01:38:25Z" finished-at="2019-06-07T01:38:36Z">
      <class name="com.class04.ParametersTask3">
        <test-method status="PASS" signature="setUp(java.lang.String, java.lang.String)[pri:0, instance:com.class04.ParametersTask3@6767c1fc]" name="setUp" is-config="true" duration-ms="1838" started-at="2019-06-07T01:38:25Z" finished-at="2019-06-07T01:38:27Z">
          <params>
            <param index="0">
              <value>
                <![CDATA[chrome]]>
              </value>
            </param>
            <param index="1">
              <value>
                <![CDATA[https://www.saucedemo.com/]]>
              </value>
            </param>
          </params>
          <reporter-output>
          </reporter-output>
        </test-method> <!-- setUp -->
        <test-method status="PASS" signature="userName1(java.lang.String, java.lang.String)[pri:0, instance:com.class04.ParametersTask3@6767c1fc]" name="userName1" duration-ms="5649" started-at="2019-06-07T01:38:27Z" finished-at="2019-06-07T01:38:33Z">
          <params>
            <param index="0">
              <value>
                <![CDATA[performance_glitch_user]]>
              </value>
            </param>
            <param index="1">
              <value>
                <![CDATA[secret_sauce]]>
              </value>
            </param>
          </params>
          <reporter-output>
          </reporter-output>
        </test-method> <!-- userName1 -->
        <test-method status="PASS" signature="tearDown()[pri:0, instance:com.class04.ParametersTask3@6767c1fc]" name="tearDown" is-config="true" duration-ms="90" started-at="2019-06-07T01:38:33Z" finished-at="2019-06-07T01:38:33Z">
          <reporter-output>
          </reporter-output>
        </test-method> <!-- tearDown -->
        <test-method status="PASS" signature="setUp(java.lang.String, java.lang.String)[pri:0, instance:com.class04.ParametersTask3@6767c1fc]" name="setUp" is-config="true" duration-ms="1634" started-at="2019-06-07T01:38:33Z" finished-at="2019-06-07T01:38:35Z">
          <params>
            <param index="0">
              <value>
                <![CDATA[chrome]]>
              </value>
            </param>
            <param index="1">
              <value>
                <![CDATA[https://www.saucedemo.com/]]>
              </value>
            </param>
          </params>
          <reporter-output>
          </reporter-output>
        </test-method> <!-- setUp -->
        <test-method status="PASS" signature="userName2(java.lang.String, java.lang.String)[pri:0, instance:com.class04.ParametersTask3@6767c1fc]" name="userName2" duration-ms="856" started-at="2019-06-07T01:38:35Z" finished-at="2019-06-07T01:38:35Z">
          <params>
            <param index="0">
              <value>
                <![CDATA[problem_user]]>
              </value>
            </param>
            <param index="1">
              <value>
                <![CDATA[secret_sauce]]>
              </value>
            </param>
          </params>
          <reporter-output>
          </reporter-output>
        </test-method> <!-- userName2 -->
        <test-method status="PASS" signature="tearDown()[pri:0, instance:com.class04.ParametersTask3@6767c1fc]" name="tearDown" is-config="true" duration-ms="81" started-at="2019-06-07T01:38:35Z" finished-at="2019-06-07T01:38:36Z">
          <reporter-output>
          </reporter-output>
        </test-method> <!-- tearDown -->
      </class> <!-- com.class04.ParametersTask3 -->
    </test> <!-- Test -->
  </suite> <!-- Suite -->
</testng-results>
