<?xml version="1.0" encoding="UTF-8"?>
<testng-results skipped="0" failed="0" ignored="0" total="1" passed="1">
  <reporter-output>
  </reporter-output>
  <suite name="Default suite" duration-ms="2954" started-at="2019-05-30T19:48:16Z" finished-at="2019-05-30T19:48:19Z">
    <groups>
    </groups>
    <test name="Default test" duration-ms="2954" started-at="2019-05-30T19:48:16Z" finished-at="2019-05-30T19:48:19Z">
      <class name="com.class01.Task">
        <test-method status="PASS" signature="setUpDriver()[pri:0, instance:com.class01.Task@5c7fa833]" name="setUpDriver" is-config="true" duration-ms="1735" started-at="2019-05-30T19:48:16Z" finished-at="2019-05-30T19:48:17Z">
          <reporter-output>
          </reporter-output>
        </test-method> <!-- setUpDriver -->
        <test-method status="PASS" signature="task()[pri:0, instance:com.class01.Task@5c7fa833]" name="task" duration-ms="418" started-at="2019-05-30T19:48:17Z" finished-at="2019-05-30T19:48:18Z">
          <reporter-output>
          </reporter-output>
        </test-method> <!-- task -->
        <test-method status="PASS" signature="logOutClose()[pri:0, instance:com.class01.Task@5c7fa833]" name="logOutClose" is-config="true" duration-ms="784" started-at="2019-05-30T19:48:18Z" finished-at="2019-05-30T19:48:19Z">
          <reporter-output>
          </reporter-output>
        </test-method> <!-- logOutClose -->
      </class> <!-- com.class01.Task -->
    </test> <!-- Default test -->
  </suite> <!-- Default suite -->
</testng-results>
