<?xml version="1.0" encoding="UTF-8"?>
<!-- Generated by org.testng.reporters.JUnitReportReporter -->
<testsuite skipped="0" hostname="Tetianas-MacBook-Pro.local" name="com.class03.GroupsExample" tests="4" failures="0" timestamp="06 Jun 2019 21:30:53 GMT" time="0.006" errors="0">
  <testcase name="testTwo" time="0.001" classname="com.class03.GroupsExample"/>
  <testcase name="testFour" time="0.004" classname="com.class03.GroupsExample"/>
  <testcase name="testOne" time="0.001" classname="com.class03.GroupsExample"/>
  <testcase name="testThree" time="0.000" classname="com.class03.GroupsExample"/>
</testsuite> <!-- com.class03.GroupsExample -->
