<?xml version="1.0" encoding="UTF-8"?>
<!-- Generated by org.testng.reporters.JUnitXMLReporter -->
<testsuite hostname="Tetianas-MacBook-Pro.local" ignored="2" name="tourTest" tests="1" failures="0" timestamp="06 Jun 2019 18:13:16 GMT" time="4.862" errors="0">
  <testcase name="userInformation" time="1.814" classname="com.class03.NewToursExample"/>
  <testcase name="mailingInformation" time="0.0" classname="com.class03.NewToursExample">
    <ignored/>
  </testcase> <!-- mailingInformation -->
  <testcase name="contactInformation" time="0.0" classname="com.class03.NewToursExample">
    <ignored/>
  </testcase> <!-- contactInformation -->
</testsuite> <!-- tourTest -->
