<?xml version="1.0" encoding="UTF-8"?>
<!-- Generated by org.testng.reporters.JUnitXMLReporter -->
<testsuite hostname="Tetianas-MacBook-Pro.local" ignored="1" name="test" tests="2" failures="0" timestamp="06 Jun 2019 19:07:53 GMT" time="9.753" errors="0">
  <testcase name="personFourLogin" time="5.732" classname="com.class03.taskOne"/>
  <testcase name="personOneLogin" time="0.708" classname="com.class03.taskOne"/>
  <testcase name="personThreeLogin" time="0.0" classname="com.class03.taskOne">
    <ignored/>
  </testcase> <!-- personThreeLogin -->
</testsuite> <!-- test -->
