<?xml version="1.0" encoding="UTF-8"?>
<!-- Generated by org.testng.reporters.JUnitXMLReporter -->
<testsuite hostname="Tetianas-MacBook-Pro.local" ignored="0" name="Test" tests="6" failures="0" timestamp="06 Jun 2019 18:12:36 GMT" time="0.029" errors="0">
  <testcase name="testOneFromBasic1" time="0.006" classname="com.class03.BasicXMLPartOne"/>
  <testcase name="testThreeFromBasic1" time="0.001" classname="com.class03.BasicXMLPartOne"/>
  <testcase name="testTwoFromBasic1" time="0.001" classname="com.class03.BasicXMLPartOne"/>
  <testcase name="testOneFromBasic2" time="0.001" classname="com.class03.BasicXMLPartTwo"/>
  <testcase name="testThreeFromBasic2" time="0.0" classname="com.class03.BasicXMLPartTwo"/>
  <testcase name="testTwoFromBasic2" time="0.001" classname="com.class03.BasicXMLPartTwo"/>
</testsuite> <!-- Test -->
